info: ControleFinanceiro.Api.BackgroundServices.RecorrenciaMensalWorker[0]
      Trabalhador de Recorrência Mensal iniciado.
info: Microsoft.Hosting.Lifetime[14]
      Now listening on: http://127.0.0.1:5001
info: Microsoft.Hosting.Lifetime[0]
      Application started. Press Ctrl+C to shut down.
info: Microsoft.Hosting.Lifetime[0]
      Hosting environment: Production
info: Microsoft.Hosting.Lifetime[0]
      Content root path: D:\Projetos\controle-financeiro\backend\src\ControleFinanceiro.Api
info: Microsoft.EntityFrameworkCore.Database.Command[20101]
      Executed DbCommand (30ms) [Parameters=[], CommandType='Text', CommandTimeout='30']
      SELECT [c].[Id], [c].[Ativo], [c].[Codigo], [c].[ContaPaiId], [c].[CreatedAtUtc], [c].[CreatedBy], [c].[Descricao], [c].[EhPadraoRecebimentoFaturaCartao], [c].[Tipo], [c].[UpdatedAtUtc], [c].[UpdatedBy]
      FROM [contas_gerenciais] AS [c]
info: Microsoft.EntityFrameworkCore.Database.Command[20101]
      Executed DbCommand (6ms) [Parameters=[], CommandType='Text', CommandTimeout='30']
      SELECT [p].[Id], [p].[Ativo], [p].[CpfCnpj], [p].[CreatedAtUtc], [p].[CreatedBy], [p].[Email], [p].[Nome], [p].[Observacao], [p].[Telefone], [p].[TipoPessoa], [p].[UpdatedAtUtc], [p].[UpdatedBy]
      FROM [pessoas] AS [p]
fail: Microsoft.EntityFrameworkCore.Database.Command[20102]
      Failed executing DbCommand (20ms) [Parameters=[@__dataInicial_0='?' (DbType = Date), @__dataFinal_1='?' (DbType = Date)], CommandType='Text', CommandTimeout='30']
      SELECT [c].[Id], [c].[DataVencimento] AS [Data], [c].[ValorLiquido] AS [Valor], [c].[Descricao], [c].[Origem], [c].[OrigemCompraPlanejadaId], [c].[RegraRecorrenciaId], [c].[GrupoParcelamentoId], [c].[RecebedorId], [c].[ResponsavelCompraId]
      FROM [contas_pagar] AS [c]
      WHERE [c].[StatusContaId] <> '44444444-4444-4444-4444-444444444444' AND [c].[DataVencimento] >= @__dataInicial_0 AND [c].[DataVencimento] <= @__dataFinal_1 AND ([c].[OrigemCompraPlanejadaId] IS NOT NULL OR [c].[RegraRecorrenciaId] IS NOT NULL OR [c].[GrupoParcelamentoId] IS NOT NULL)
fail: Microsoft.EntityFrameworkCore.Query[10100]
      An exception occurred while iterating over the results of a query for context type 'ControleFinanceiro.Infrastructure.Persistence.AppDbContext'.
      Microsoft.Data.SqlClient.SqlException (0x80131904): Invalid column name 'OrigemCompraPlanejadaId'.
      Invalid column name 'OrigemCompraPlanejadaId'.
         at Microsoft.Data.SqlClient.SqlCommand.<>c.<ExecuteDbDataReaderAsync>b__211_0(Task`1 result)
         at System.Threading.Tasks.ContinuationResultTaskFromResultTask`2.InnerInvoke()
         at System.Threading.ExecutionContext.RunInternal(ExecutionContext executionContext, ContextCallback callback, Object state)
      --- End of stack trace from previous location ---
         at System.Threading.ExecutionContext.RunInternal(ExecutionContext executionContext, ContextCallback callback, Object state)
         at System.Threading.Tasks.Task.ExecuteWithThreadLocal(Task& currentTaskSlot, Thread threadPoolThread)
      --- End of stack trace from previous location ---
         at Microsoft.EntityFrameworkCore.Storage.RelationalCommand.ExecuteReaderAsync(RelationalCommandParameterObject parameterObject, CancellationToken cancellationToken)
         at Microsoft.EntityFrameworkCore.Storage.RelationalCommand.ExecuteReaderAsync(RelationalCommandParameterObject parameterObject, CancellationToken cancellationToken)
         at Microsoft.EntityFrameworkCore.Query.Internal.SingleQueryingEnumerable`1.AsyncEnumerator.InitializeReaderAsync(AsyncEnumerator enumerator, CancellationToken cancellationToken)
         at Microsoft.EntityFrameworkCore.SqlServer.Storage.Internal.SqlServerExecutionStrategy.ExecuteAsync[TState,TResult](TState state, Func`4 operation, Func`4 verifySucceeded, CancellationToken cancellationToken)
         at Microsoft.EntityFrameworkCore.Query.Internal.SingleQueryingEnumerable`1.AsyncEnumerator.MoveNextAsync()
      ClientConnectionId:6b7ef317-e66e-4410-ab4b-2f950cf68649
      Error Number:207,State:1,Class:16
      Microsoft.Data.SqlClient.SqlException (0x80131904): Invalid column name 'OrigemCompraPlanejadaId'.
      Invalid column name 'OrigemCompraPlanejadaId'.
         at Microsoft.Data.SqlClient.SqlCommand.<>c.<ExecuteDbDataReaderAsync>b__211_0(Task`1 result)
         at System.Threading.Tasks.ContinuationResultTaskFromResultTask`2.InnerInvoke()
         at System.Threading.ExecutionContext.RunInternal(ExecutionContext executionContext, ContextCallback callback, Object state)
      --- End of stack trace from previous location ---
         at System.Threading.ExecutionContext.RunInternal(ExecutionContext executionContext, ContextCallback callback, Object state)
         at System.Threading.Tasks.Task.ExecuteWithThreadLocal(Task& currentTaskSlot, Thread threadPoolThread)
      --- End of stack trace from previous location ---
         at Microsoft.EntityFrameworkCore.Storage.RelationalCommand.ExecuteReaderAsync(RelationalCommandParameterObject parameterObject, CancellationToken cancellationToken)
         at Microsoft.EntityFrameworkCore.Storage.RelationalCommand.ExecuteReaderAsync(RelationalCommandParameterObject parameterObject, CancellationToken cancellationToken)
         at Microsoft.EntityFrameworkCore.Query.Internal.SingleQueryingEnumerable`1.AsyncEnumerator.InitializeReaderAsync(AsyncEnumerator enumerator, CancellationToken cancellationToken)
         at Microsoft.EntityFrameworkCore.SqlServer.Storage.Internal.SqlServerExecutionStrategy.ExecuteAsync[TState,TResult](TState state, Func`4 operation, Func`4 verifySucceeded, CancellationToken cancellationToken)
         at Microsoft.EntityFrameworkCore.Query.Internal.SingleQueryingEnumerable`1.AsyncEnumerator.MoveNextAsync()
      ClientConnectionId:6b7ef317-e66e-4410-ab4b-2f950cf68649
      Error Number:207,State:1,Class:16
fail: ControleFinanceiro.Api.Middleware.ExceptionHandlingMiddleware[0]
      Unexpected request failure for /api/v1/dashboard/central-previsao/resumo
      Microsoft.Data.SqlClient.SqlException (0x80131904): Invalid column name 'OrigemCompraPlanejadaId'.
      Invalid column name 'OrigemCompraPlanejadaId'.
         at Microsoft.Data.SqlClient.SqlCommand.<>c.<ExecuteDbDataReaderAsync>b__211_0(Task`1 result)
         at System.Threading.Tasks.ContinuationResultTaskFromResultTask`2.InnerInvoke()
         at System.Threading.ExecutionContext.RunInternal(ExecutionContext executionContext, ContextCallback callback, Object state)
      --- End of stack trace from previous location ---
         at System.Threading.ExecutionContext.RunInternal(ExecutionContext executionContext, ContextCallback callback, Object state)
         at System.Threading.Tasks.Task.ExecuteWithThreadLocal(Task& currentTaskSlot, Thread threadPoolThread)
      --- End of stack trace from previous location ---
         at Microsoft.EntityFrameworkCore.Storage.RelationalCommand.ExecuteReaderAsync(RelationalCommandParameterObject parameterObject, CancellationToken cancellationToken)
         at Microsoft.EntityFrameworkCore.Storage.RelationalCommand.ExecuteReaderAsync(RelationalCommandParameterObject parameterObject, CancellationToken cancellationToken)
         at Microsoft.EntityFrameworkCore.Query.Internal.SingleQueryingEnumerable`1.AsyncEnumerator.InitializeReaderAsync(AsyncEnumerator enumerator, CancellationToken cancellationToken)
         at Microsoft.EntityFrameworkCore.SqlServer.Storage.Internal.SqlServerExecutionStrategy.ExecuteAsync[TState,TResult](TState state, Func`4 operation, Func`4 verifySucceeded, CancellationToken cancellationToken)
         at Microsoft.EntityFrameworkCore.Query.Internal.SingleQueryingEnumerable`1.AsyncEnumerator.MoveNextAsync()
         at Microsoft.EntityFrameworkCore.EntityFrameworkQueryableExtensions.ToListAsync[TSource](IQueryable`1 source, CancellationToken cancellationToken)
         at Microsoft.EntityFrameworkCore.EntityFrameworkQueryableExtensions.ToListAsync[TSource](IQueryable`1 source, CancellationToken cancellationToken)
         at Microsoft.EntityFrameworkCore.EntityFrameworkQueryableExtensions.ToArrayAsync[TSource](IQueryable`1 source, CancellationToken cancellationToken)
         at ControleFinanceiro.Application.Dashboard.DashboardAppService.CarregarContasMaterializadasCentralPrevisaoAsync(DateOnly dataInicial, DateOnly dataFinal, IReadOnlyDictionary`2 contaGerencialLookup, IReadOnlyDictionary`2 pessoaLookup, CancellationToken cancellationToken) in D:\Projetos\controle-financeiro\backend\src\ControleFinanceiro.Application\Dashboard\DashboardAppService.cs:line 320
         at ControleFinanceiro.Application.Dashboard.DashboardAppService.CarregarCentralPrevisaoAsync(DateOnly dataInicial, Int32 dias, CancellationToken cancellationToken) in D:\Projetos\controle-financeiro\backend\src\ControleFinanceiro.Application\Dashboard\DashboardAppService.cs:line 305
         at ControleFinanceiro.Application.Dashboard.DashboardAppService.ObterCentralPrevisaoResumoAsync(DashboardCentralPrevisaoQueryRequest query, CancellationToken cancellationToken) in D:\Projetos\controle-financeiro\backend\src\ControleFinanceiro.Application\Dashboard\DashboardAppService.cs:line 227
         at ControleFinanceiro.Api.Controllers.DashboardController.ObterResumoCentralPrevisao(DashboardCentralPrevisaoQueryRequest query, CancellationToken cancellationToken) in D:\Projetos\controle-financeiro\backend\src\ControleFinanceiro.Api\Controllers\DashboardController.cs:line 62
         at lambda_method5(Closure, Object)
         at Microsoft.AspNetCore.Mvc.Infrastructure.ActionMethodExecutor.AwaitableObjectResultExecutor.Execute(ActionContext actionContext, IActionResultTypeMapper mapper, ObjectMethodExecutor executor, Object controller, Object[] arguments)
         at Microsoft.AspNetCore.Mvc.Infrastructure.ControllerActionInvoker.<InvokeActionMethodAsync>g__Awaited|12_0(ControllerActionInvoker invoker, ValueTask`1 actionResultValueTask)
         at Microsoft.AspNetCore.Mvc.Infrastructure.ControllerActionInvoker.<InvokeNextActionFilterAsync>g__Awaited|10_0(ControllerActionInvoker invoker, Task lastTask, State next, Scope scope, Object state, Boolean isCompleted)
         at Microsoft.AspNetCore.Mvc.Infrastructure.ControllerActionInvoker.Rethrow(ActionExecutedContextSealed context)
         at Microsoft.AspNetCore.Mvc.Infrastructure.ControllerActionInvoker.Next(State& next, Scope& scope, Object& state, Boolean& isCompleted)
         at Microsoft.AspNetCore.Mvc.Infrastructure.ControllerActionInvoker.<InvokeInnerFilterAsync>g__Awaited|13_0(ControllerActionInvoker invoker, Task lastTask, State next, Scope scope, Object state, Boolean isCompleted)
         at Microsoft.AspNetCore.Mvc.Infrastructure.ResourceInvoker.<InvokeFilterPipelineAsync>g__Awaited|20_0(ResourceInvoker invoker, Task lastTask, State next, Scope scope, Object state, Boolean isCompleted)
         at Microsoft.AspNetCore.Mvc.Infrastructure.ResourceInvoker.<InvokeAsync>g__Awaited|17_0(ResourceInvoker invoker, Task task, IDisposable scope)
         at Microsoft.AspNetCore.Mvc.Infrastructure.ResourceInvoker.<InvokeAsync>g__Awaited|17_0(ResourceInvoker invoker, Task task, IDisposable scope)
         at Microsoft.AspNetCore.Authorization.AuthorizationMiddleware.Invoke(HttpContext context)
         at Microsoft.AspNetCore.Authentication.AuthenticationMiddleware.Invoke(HttpContext context)
         at Microsoft.AspNetCore.RateLimiting.RateLimitingMiddleware.InvokeInternal(HttpContext context, EnableRateLimitingAttribute enableRateLimitingAttribute)
         at Program.<>c.<<<Main>$>b__0_3>d.MoveNext() in D:\Projetos\controle-financeiro\backend\src\ControleFinanceiro.Api\Program.cs:line 67
      --- End of stack trace from previous location ---
         at ControleFinanceiro.Api.Middleware.ExceptionHandlingMiddleware.InvokeAsync(HttpContext context) in D:\Projetos\controle-financeiro\backend\src\ControleFinanceiro.Api\Middleware\ExceptionHandlingMiddleware.cs:line 14
      ClientConnectionId:6b7ef317-e66e-4410-ab4b-2f950cf68649
      Error Number:207,State:1,Class:16
